<?xml version="1.0" encoding="UTF-8"?>
<!-- Generated by org.testng.reporters.JUnitReportReporter -->
<testsuite hostname="CO-IT01399" name="org.gradle.testNGExample" tests="4" failures="0" timestamp="11 Apr 2016 20:36:59 GMT" time="0.015" errors="0">
  <testcase name="errorBusinessResultTest" time="0.000" classname="org.gradle.testNGExample"/>
  <testcase name="completeResultTest" time="0.015" classname="org.gradle.testNGExample"/>
  <testcase name="otherResultTest" time="0.000" classname="org.gradle.testNGExample"/>
  <testcase name="errorResultTest" time="0.000" classname="org.gradle.testNGExample"/>
</testsuite> <!-- org.gradle.testNGExample -->
