<?xml version="1.0" encoding="UTF-8"?>
<!-- Generated by org.testng.reporters.JUnitReportReporter -->
<testsuite hostname="CO-IT01399" name="org.gradle.testNGChallenge" tests="3" failures="0" timestamp="11 Apr 2016 22:08:09 GMT" time="0.015" errors="0">
  <testcase name="errorBusinessResultTest" time="0.000" classname="org.gradle.testNGChallenge"/>
  <testcase name="otherResultTest" time="0.000" classname="org.gradle.testNGChallenge"/>
  <testcase name="completeResultTest" time="0.015" classname="org.gradle.testNGChallenge"/>
</testsuite> <!-- org.gradle.testNGChallenge -->
